2021-05-07T07:05:32+00:00 CRITICAL Uncaught Error: Call to undefined method Automattic\WooCommerce\Admin\Overrides\Order::reduce_order_stock_levels() in /Users/shahin/Repo/Shop/wp-content/plugins/noob-payment-woocommerce/noob-payment-woocommerce.php:82
Stack trace:
#0 /Users/shahin/Repo/Shop/wp-content/plugins/woocommerce/includes/class-wc-checkout.php(971): WC_Noob_pay_Gateway->process_payment(241)
#1 /Users/shahin/Repo/Shop/wp-content/plugins/woocommerce/includes/class-wc-checkout.php(1186): WC_Checkout->process_order_payment(241, 'noob_payment')
#2 /Users/shahin/Repo/Shop/wp-content/plugins/woocommerce/includes/class-wc-ajax.php(465): WC_Checkout->process_checkout()
#3 /Users/shahin/Repo/Shop/wp-includes/class-wp-hook.php(292): WC_AJAX::checkout('')
#4 /Users/shahin/Repo/Shop/wp-includes/class-wp-hook.php(316): WP_Hook->apply_filters('', Array)
#5 /Users/shahin/Repo/Shop/wp-includes/plugin.php(484): WP_Hook->do_action(Array)
#6 /Users/shahin/Repo/Shop/wp-content/plugins/woocommerce/includes/class-wc-ajax.php(90): do_action('wc_ajax_checkou. in /Users/shahin/Repo/Shop/wp-content/plugins/noob-payment-woocommerce/noob-payment-woocommerce.php on line 82

2021-05-07T07:06:55+00:00 CRITICAL Uncaught Error: Call to undefined method Automattic\WooCommerce\Admin\Overrides\Order::reduce_order_stock_levels() in /Users/shahin/Repo/Shop/wp-content/plugins/noob-payment-woocommerce/noob-payment-woocommerce.php:82
Stack trace:
#0 /Users/shahin/Repo/Shop/wp-content/plugins/woocommerce/includes/class-wc-checkout.php(971): WC_Noob_pay_Gateway->process_payment(242)
#1 /Users/shahin/Repo/Shop/wp-content/plugins/woocommerce/includes/class-wc-checkout.php(1186): WC_Checkout->process_order_payment(242, 'noob_payment')
#2 /Users/shahin/Repo/Shop/wp-content/plugins/woocommerce/includes/class-wc-ajax.php(465): WC_Checkout->process_checkout()
#3 /Users/shahin/Repo/Shop/wp-includes/class-wp-hook.php(292): WC_AJAX::checkout('')
#4 /Users/shahin/Repo/Shop/wp-includes/class-wp-hook.php(316): WP_Hook->apply_filters('', Array)
#5 /Users/shahin/Repo/Shop/wp-includes/plugin.php(484): WP_Hook->do_action(Array)
#6 /Users/shahin/Repo/Shop/wp-content/plugins/woocommerce/includes/class-wc-ajax.php(90): do_action('wc_ajax_checkou. in /Users/shahin/Repo/Shop/wp-content/plugins/noob-payment-woocommerce/noob-payment-woocommerce.php on line 82

2021-05-07T08:25:47+00:00 CRITICAL Uncaught Error: Call to undefined method Automattic\WooCommerce\Admin\Overrides\Order::reduce_order_stock_levels() in /Users/shahin/Repo/Shop/wp-content/plugins/noob-payment-woocommerce/noob-payment-woocommerce.php:82
Stack trace:
#0 /Users/shahin/Repo/Shop/wp-content/plugins/woocommerce/includes/class-wc-checkout.php(971): WC_Noob_pay_Gateway->process_payment(244)
#1 /Users/shahin/Repo/Shop/wp-content/plugins/woocommerce/includes/class-wc-checkout.php(1186): WC_Checkout->process_order_payment(244, 'noob_payment')
#2 /Users/shahin/Repo/Shop/wp-content/plugins/woocommerce/includes/class-wc-ajax.php(465): WC_Checkout->process_checkout()
#3 /Users/shahin/Repo/Shop/wp-includes/class-wp-hook.php(292): WC_AJAX::checkout('')
#4 /Users/shahin/Repo/Shop/wp-includes/class-wp-hook.php(316): WP_Hook->apply_filters('', Array)
#5 /Users/shahin/Repo/Shop/wp-includes/plugin.php(484): WP_Hook->do_action(Array)
#6 /Users/shahin/Repo/Shop/wp-content/plugins/woocommerce/includes/class-wc-ajax.php(90): do_action('wc_ajax_checkou. in /Users/shahin/Repo/Shop/wp-content/plugins/noob-payment-woocommerce/noob-payment-woocommerce.php on line 82

