2021-05-05T10:55:02+00:00 CRITICAL Uncaught TypeError: call_user_func_array(): Argument #1 ($function) must be a valid callback, function "bbloomer_pc" not found or invalid function name in /Users/shahinfarzane/Desktop/Shop/wp-includes/class-wp-hook.php:292
Stack trace:
#0 /Users/shahinfarzane/Desktop/Shop/wp-includes/class-wp-hook.php(316): WP_Hook->apply_filters('', Array)
#1 /Users/shahinfarzane/Desktop/Shop/wp-includes/plugin.php(484): WP_Hook->do_action(Array)
#2 /Users/shahinfarzane/Desktop/Shop/wp-content/plugins/woocommerce/templates/single-product/add-to-cart/variable.php(26): do_action('woocommerce_bef...')
#3 /Users/shahinfarzane/Desktop/Shop/wp-content/plugins/woocommerce/includes/wc-core-functions.php(345): include('/Users/shahinfa...')
#4 /Users/shahinfarzane/Desktop/Shop/wp-content/plugins/woocommerce/includes/wc-template-functions.php(1674): wc_get_template('single-product/...', Array)
#5 /Users/shahinfarzane/Desktop/Shop/wp-includes/class-wp-hook.php(292): woocommerce_variable_add_to_cart('')
#6 /Users/shahinfarzane/Desktop/Shop/wp-includes/class-wp-hook.php(316): WP_Hook->apply_filters('', Array)
#7 /Users/shahinfarzane/Desktop/Shop/wp-includes/plugin.php(484): WP_Hook->do_action(Array)
#8 /Users/shahinfarzane/Desktop/Shop/wp-content/plugins/woocommerce/includes/wc-template-functions.php(1620): do_action('woocommerce_var...')
#9 /Users/shahinfarzane/Desktop/Shop/wp-content/plugins/divi-builder/includes/builder/feature/woocommerce-modules.php(587): woocommerce_template_single_add_to_cart()
#10 /Users/shahinfarzane/Desktop/Shop/wp-content/plugins/divi-builder/includes/builder/module/woocommerce/AddToCart.php(424): et_builder_wc_render_module_template('woocommerce_tem...', Array, Array)
#11 /Users/shahinfarzane/Desktop/Shop/wp-content/plugins/divi-builder/includes/builder/module/woocommerce/AddToCart.php(574): ET_Builder_Module_Woocommerce_Add_To_Cart::get_add_to_cart(Array)
#12 /Users/shahinfarzane/Desktop/Shop/wp-content/plugins/divi-builder/includes/builder/class-et-builder-element.php(3056): ET_Builder_Module_Woocommerce_Add_To_Cart->render(Array, '', 'et_pb_wc_add_to...', '', '', '', '')
#13 /Users/shahinfarzane/Desktop/Shop/wp-includes/shortcodes.php(343): ET_Builder_Element->_render(Array, '', 'et_pb_wc_add_to...')
#14 [internal function]: do_shortcode_tag(Array)
#15 /Users/shahinfarzane/Desktop/Shop/wp-includes/shortcodes.php(218): preg_replace_callback('/\\[(\\[?)(et_pb_...', 'do_shortcode_ta...', '[et_pb_wc_cart_...')
#16 /Users/shahinfarzane/Desktop/Shop/wp-content/plugins/divi-builder/includes/builder/main-structure-elements.php(3062): do_shortcode('[et_pb_wc_cart_...')
#17 /Users/shahinfarzane/Desktop/Shop/wp-content/plugins/divi-builder/includes/builder/class-et-builder-element.php(3056): ET_Builder_Column->render(Array, '[et_pb_wc_cart_...', 'et_pb_column', '', '', '', '')
#18 /Users/shahinfarzane/Desktop/Shop/wp-includes/shortcodes.php(343): ET_Builder_Element->_render(Array, '[et_pb_wc_cart_...', 'et_pb_column')
#19 [internal function]: do_shortcode_tag(Array)
#20 /Users/shahinfarzane/Desktop/Shop/wp-includes/shortcodes.php(218): preg_replace_callback('/\\[(\\[?)(et_pb_...', 'do_shortcode_ta...', '[et_pb_column t...')
#21 /Users/shahinfarzane/Desktop/Shop/wp-content/plugins/divi-builder/includes/builder/main-structure-elements.php(1885): do_shortcode('[et_pb_column t...')
#22 /Users/shahinfarzane/Desktop/Shop/wp-content/plugins/divi-builder/includes/builder/class-et-builder-element.php(3056): ET_Builder_Row->render(Array, '[et_pb_column t...', 'et_pb_row', '', '', '', '')
#23 /Users/shahinfarzane/Desktop/Shop/wp-includes/shortcodes.php(343): ET_Builder_Element->_render(Array, '[et_pb_column t...', 'et_pb_row')
#24 [internal function]: do_shortcode_tag(Array)
#25 /Users/shahinfarzane/Desktop/Shop/wp-includes/shortcodes.php(218): preg_replace_callback('/\\[(\\[?)(et_pb_...', 'do_shortcode_ta...', '[et_pb_row colu...')
#26 /Users/shahinfarzane/Desktop/Shop/wp-content/plugins/divi-builder/includes/builder/main-structure-elements.php(1272): do_shortcode('[et_pb_row colu...')
#27 /Users/shahinfarzane/Desktop/Shop/wp-content/plugins/divi-builder/includes/builder/class-et-builder-element.php(3056): ET_Builder_Section->render(Array, '[et_pb_row colu...', 'et_pb_section', '', '', '', '')
#28 /Users/shahinfarzane/Desktop/Shop/wp-includes/shortcodes.php(343): ET_Builder_Element->_render(Array, '[et_pb_row colu...', 'et_pb_section')
#29 [internal function]: do_shortcode_tag(Array)
#30 /Users/shahinfarzane/Desktop/Shop/wp-includes/shortcodes.php(218): preg_replace_callback('/\\[(\\[?)(et_pb_...', 'do_shortcode_ta...', '<div class="et-...')
#31 /Users/shahinfarzane/Desktop/Shop/wp-includes/class-wp-hook.php(292): do_shortcode('<div class="et-...')
#32 /Users/shahinfarzane/Desktop/Shop/wp-includes/plugin.php(212): WP_Hook->apply_filters('<div class="et-...', Array)
#33 /Users/shahinfarzane/Desktop/Shop/wp-content/plugins/divi-builder/includes/builder/core.php(26): apply_filters('et_builder_rend...', '[et_pb_section ...')
#34 /Users/shahinfarzane/Desktop/Shop/wp-content/plugins/divi-builder/includes/builder/frontend-builder/theme-builder/frontend.php(329): et_builder_render_layout('[et_pb_section ...')
#35 /Users/shahinfarzane/Desktop/Shop/wp-content/plugins/divi-builder/includes/builder/frontend-builder/theme-builder/frontend.php(456): et_theme_builder_frontend_render_layout('et_body_layout', 261)
#36 /Users/shahinfarzane/Desktop/Shop/wp-content/plugins/divi-builder/includes/builder/frontend-builder/theme-builder/frontend-body-template.php(10): et_theme_builder_frontend_render_body(261, true, 264)
#37 /Users/shahinfarzane/Desktop/Shop/wp-includes/template-loader.php(106): include('/Users/shahinfa...')
#38 /Users/shahinfarzane/Desktop/Shop/wp-blog-header.php(19): require_once('/Users/shahinfa...')
#39 /Users/shahinfarzane/Desktop/Shop/index.php(17): require('/Users/shahinfa...')
#40 {main}
  thrown in /Users/shahinfarzane/Desktop/Shop/wp-includes/class-wp-hook.php on line 292

