2021-04-29T12:28:41+00:00 CRITICAL Uncaught TypeError: Cannot access offset of type string on string in /Applications/MAMP/htdocs/projek/wp-content/plugins/woo-floating-cart-lite/xt-framework/includes/customizer/class-customizer.php:688
Stack trace:
#0 /Applications/MAMP/htdocs/projek/wp-content/plugins/xt-woo-quick-view-lite/admin/migrations/migration-1.5.3.php(7): XT_Framework_Customizer->update_option('product_buttons...', NULL)
#1 /Applications/MAMP/htdocs/projek/wp-content/plugins/woo-floating-cart-lite/xt-framework/includes/class-migration.php(88): require_once('/Applications/M...')
#2 /Applications/MAMP/htdocs/projek/wp-content/plugins/woo-floating-cart-lite/xt-framework/includes/class-migration.php(71): XT_Framework_Migration->migrate('1.5.3')
#3 /Applications/MAMP/htdocs/projek/wp-includes/class-wp-hook.php(292): XT_Framework_Migration->upgrade('')
#4 /Applications/MAMP/htdocs/projek/wp-includes/class-wp-hook.php(316): WP_Hook->apply_filters(NULL, Array)
#5 /Applications/MAMP/htdocs/projek/wp-includes/plugin.php(484): WP_Hook->do_action(Array)
#6 /Applications/MAMP/htdocs/projek/wp-settings.php(560): do_action('init')
#7 /Applications/MAMP/htdocs/projek/wp-config.php(90): require_once('/Applications/M...')
#8 /Applications/MAMP/htdocs/projek/wp-load.php(37): require_once('/Applications/M...')
#9 /Applications/MAMP/htdocs/projek/wp-admin/admin-ajax.php(22): require_once('/Applications/M...')
#10 {main}

Next Error: Cannot assign an empty string to a string offset in /Applications/MAMP/htdocs/projek/wp-content/plugins/woo-floating-cart-lite/xt-framework/includes/customizer/class-customizer.php:688
Stack trace:
#0 /Applications/MAMP/htdocs/projek/wp-content/plugins/xt-woo-quick-view-lite/admin/migrations/migration-1.5.3.php(7): XT_Framework_Customizer->update_option('product_buttons...', NULL)
#1 /Applications/MAMP/htdocs/projek/wp-content/plugins/woo-floating-cart-lite/xt-framework/includes/class-migration.php(88): require_once('/Applications/M...')
#2 /Applications/MAMP/htdocs/projek/wp-content/plugins/woo-floating-cart-lite/xt-framework/includes/class-migration.php(71): XT_Framework_Migration->migrate('1.5.3')
#3 /Applications/MAMP/htdocs/projek/wp-includes/class-wp-hook.php(292): XT_Framework_Migration->upgrade('')
#4 /Applications/MAMP/htdocs/projek/wp-includes/class-wp-hook.php(316): WP_Hook->apply_filters(NULL, Array)
#5 /Applications/MAMP/htdocs/projek/wp-includes/plugin.php(484): WP_Hook->do_action(Array)
#6 /Applications/MAMP/htdocs/projek/wp-settings.php(560): do_action('init')
#7 /Applications/MAMP/htdocs/projek/wp-config.php(90): require_once('/Applications/M...')
#8 /Applications/MAMP/htdocs/projek/wp-load.php(37): require_once('/Applications/M...')
#9 /Applications/MAMP/htdocs/projek/wp-admin/admin-ajax.php(22): require_once('/Applications/M...')
#10 {main}
  thrown in /Applications/MAMP/htdocs/projek/wp-content/plugins/woo-floating-cart-lite/xt-framework/includes/customizer/class-customizer.php on line 688

